<?xml version="1.0" encoding="UTF-8"?>
<!-- Generated by org.testng.reporters.JUnitXMLReporter -->
<testsuite ignored="0" hostname="EC2AMAZ-S11DBRH" failures="0" tests="3" name="Default test" time="1.892" errors="0" timestamp="2024-05-03T07:16:51 GMT">
  <testcase classname="pages.PlaceOrderTest" name="validLogin" time="0.473"/>
  <testcase classname="pages.PlaceOrderTest" name="addItem" time="0.26"/>
  <testcase classname="pages.PlaceOrderTest" name="checkoutTest" time="0.631"/>
</testsuite> <!-- Default test -->
