<?xml version="1.0" encoding="UTF-8"?>
<testng-results ignored="0" total="3" passed="3" failed="0" skipped="0">
  <reporter-output>
  </reporter-output>
  <suite started-at="2024-05-03T07:16:49 GMT" name="Default suite" finished-at="2024-05-03T07:16:51 GMT" duration-ms="1892">
    <groups>
    </groups>
    <test started-at="2024-05-03T07:16:49 GMT" name="Default test" finished-at="2024-05-03T07:16:51 GMT" duration-ms="1892">
      <class name="pages.PlaceOrderTest">
        <test-method is-config="true" signature="setup()[pri:0, instance:pages.PlaceOrderTest@2a65bb85]" started-at="2024-05-03T07:16:49 GMT" name="setup" finished-at="2024-05-03T07:16:49 GMT" duration-ms="478" status="PASS">
          <reporter-output>
          </reporter-output>
        </test-method> <!-- setup -->
        <test-method signature="validLogin()[pri:1, instance:pages.PlaceOrderTest@2a65bb85]" started-at="2024-05-03T07:16:49 GMT" name="validLogin" finished-at="2024-05-03T07:16:50 GMT" duration-ms="473" status="PASS">
          <reporter-output>
          </reporter-output>
        </test-method> <!-- validLogin -->
        <test-method signature="addItem()[pri:2, instance:pages.PlaceOrderTest@2a65bb85]" started-at="2024-05-03T07:16:50 GMT" name="addItem" finished-at="2024-05-03T07:16:50 GMT" duration-ms="260" status="PASS">
          <reporter-output>
          </reporter-output>
        </test-method> <!-- addItem -->
        <test-method signature="checkoutTest()[pri:3, instance:pages.PlaceOrderTest@2a65bb85]" started-at="2024-05-03T07:16:50 GMT" name="checkoutTest" finished-at="2024-05-03T07:16:51 GMT" duration-ms="631" status="PASS">
          <reporter-output>
          </reporter-output>
        </test-method> <!-- checkoutTest -->
      </class> <!-- pages.PlaceOrderTest -->
    </test> <!-- Default test -->
  </suite> <!-- Default suite -->
</testng-results>
